fname data/block-72tx.v2.log
lines 21167
curr_tx 0 marf_reads_this_tx 141 time_part 0.0009500549999999999 total_marf_time 0.009475113999999996 marf_fraction 9.973226813184498
curr_tx 1 marf_reads_this_tx 153 time_part 0.001111936 total_marf_time 0.009540563 marf_fraction 8.580136806434902
curr_tx 2 marf_reads_this_tx 269 time_part 0.008688481 total_marf_time 0.014638541000000007 marf_fraction 1.684821662152453
curr_tx 3 marf_reads_this_tx 99 time_part 0.027160396 total_marf_time 0.0032352239999999992 marf_fraction 0.1191154944868992
curr_tx 4 marf_reads_this_tx 122 time_part 0.150982785 total_marf_time 0.007886977000000002 marf_fraction 0.05223759119292972
curr_tx 5 marf_reads_this_tx 448 time_part 0.8798828700000001 total_marf_time 0.017660947999999996 marf_fraction 0.020071930710504678
curr_tx 6 marf_reads_this_tx 458 time_part 0.8551563200000001 total_marf_time 0.013053429 marf_fraction 0.01526437762864221
curr_tx 7 marf_reads_this_tx 347 time_part 0.758816548 total_marf_time 0.006133486000000003 marf_fraction 0.008082962892896747
curr_tx 8 marf_reads_this_tx 283 time_part 0.0009626929999999999 total_marf_time 0.013601673 marf_fraction 14.128775217021419
curr_tx 9 marf_reads_this_tx 11 time_part 0.0009875309999999998 total_marf_time 0.000128031 marf_fraction 0.12964757562041093
curr_tx 10 marf_reads_this_tx 11 time_part 0.0008493649999999999 total_marf_time 0.000100632 marf_fraction 0.11847909909167437
curr_tx 11 marf_reads_this_tx 11 time_part 0.00082757 total_marf_time 0.000107778 marf_fraction 0.13023430042171658
curr_tx 12 marf_reads_this_tx 11 time_part 0.0008609669999999999 total_marf_time 0.00010172 marf_fraction 0.1181462239551574
curr_tx 13 marf_reads_this_tx 11 time_part 0.0009589869999999999 total_marf_time 0.000149806 marf_fraction 0.1562127536661081
curr_tx 14 marf_reads_this_tx 11 time_part 0.0008524249999999999 total_marf_time 9.975099999999999e-05 marf_fraction 0.11702026571252604
curr_tx 15 marf_reads_this_tx 13 time_part 0.00096848 total_marf_time 0.00034315499999999994 marf_fraction 0.35432326945316367
curr_tx 16 marf_reads_this_tx 142 time_part 0.0060871449999999995 total_marf_time 0.0075099890000000025 marf_fraction 1.2337457050883465
curr_tx 17 marf_reads_this_tx 22 time_part 0.005167483 total_marf_time 0.000427542 marf_fraction 0.08273699207138176
curr_tx 18 marf_reads_this_tx 34 time_part 0.00232818 total_marf_time 0.0012920599999999998 marf_fraction 0.554965681347662
curr_tx 19 marf_reads_this_tx 179 time_part 0.006066014 total_marf_time 0.009541665999999996 marf_fraction 1.5729713119686166
curr_tx 20 marf_reads_this_tx 22 time_part 0.006046439000000001 total_marf_time 0.000447971 marf_fraction 0.07408840145414515
curr_tx 21 marf_reads_this_tx 22 time_part 0.006041734 total_marf_time 0.0004279929999999999 marf_fraction 0.07083943119640816
curr_tx 22 marf_reads_this_tx 22 time_part 0.005897605 total_marf_time 0.000390148 marf_fraction 0.06615363355124665
curr_tx 23 marf_reads_this_tx 22 time_part 0.005851068 total_marf_time 0.000397194 marf_fraction 0.0678840170717551
curr_tx 24 marf_reads_this_tx 22 time_part 0.005782792 total_marf_time 0.00036974400000000003 marf_fraction 0.06393866492171947
curr_tx 25 marf_reads_this_tx 22 time_part 0.005817344 total_marf_time 0.00037603899999999994 marf_fraction 0.064641011430646
curr_tx 26 marf_reads_this_tx 22 time_part 0.005729913 total_marf_time 0.00038224799999999996 marf_fraction 0.0667109605329086
curr_tx 27 marf_reads_this_tx 22 time_part 0.005898878 total_marf_time 0.000389637 marf_fraction 0.06605273070573761
curr_tx 28 marf_reads_this_tx 22 time_part 0.006029822000000001 total_marf_time 0.000417368 marf_fraction 0.06921730027851568
curr_tx 29 marf_reads_this_tx 22 time_part 0.00581943 total_marf_time 0.0003374559999999999 marf_fraction 0.05798780980267826
curr_tx 30 marf_reads_this_tx 22 time_part 0.006030604 total_marf_time 0.0004027269999999999 marf_fraction 0.066780541385241
curr_tx 31 marf_reads_this_tx 22 time_part 0.006535789 total_marf_time 0.00042178199999999994 marf_fraction 0.06453421308429631
curr_tx 32 marf_reads_this_tx 22 time_part 0.005910175 total_marf_time 0.000393967 marf_fraction 0.06665910907883438
curr_tx 33 marf_reads_this_tx 22 time_part 0.006356599 total_marf_time 0.000382925 marf_fraction 0.06024054687105479
curr_tx 34 marf_reads_this_tx 22 time_part 0.005882457 total_marf_time 0.00039129499999999995 marf_fraction 0.06651897327936268
curr_tx 35 marf_reads_this_tx 22 time_part 0.005812665 total_marf_time 0.00035830699999999993 marf_fraction 0.06164246520313831
curr_tx 36 marf_reads_this_tx 22 time_part 0.005817206 total_marf_time 0.00034117599999999995 marf_fraction 0.05864946161439013
curr_tx 37 marf_reads_this_tx 22 time_part 0.0059223520000000005 total_marf_time 0.00036415700000000004 marf_fraction 0.061488577511096945
curr_tx 38 marf_reads_this_tx 22 time_part 0.005938578 total_marf_time 0.00040239399999999993 marf_fraction 0.06775931881335902
curr_tx 39 marf_reads_this_tx 22 time_part 0.005792257 total_marf_time 0.000396463 marf_fraction 0.06844706648893514
curr_tx 40 marf_reads_this_tx 22 time_part 0.005729489 total_marf_time 0.00036679400000000004 marf_fraction 0.0640186236503814
curr_tx 41 marf_reads_this_tx 110 time_part 0.024143584000000003 total_marf_time 0.003305653 marf_fraction 0.13691641638623328
curr_tx 42 marf_reads_this_tx 34 time_part 0.008495774000000001 total_marf_time 0.001181673 marf_fraction 0.1390895049703535
curr_tx 43 marf_reads_this_tx 130 time_part 0.018432030999999998 total_marf_time 0.006348763999999996 marf_fraction 0.3444419120171834
curr_tx 44 marf_reads_this_tx 96 time_part 0.015401968 total_marf_time 0.0032384269999999995 marf_fraction 0.21026059786645443
curr_tx 45 marf_reads_this_tx 92 time_part 0.015506752 total_marf_time 0.002945909 marf_fraction 0.1899758892126475
curr_tx 46 marf_reads_this_tx 42 time_part 0.011400291 total_marf_time 0.001321406 marf_fraction 0.11590984826615391
curr_tx 47 marf_reads_this_tx 81 time_part 0.00022965899999999998 total_marf_time 0.003441973000000001 marf_fraction 14.987320331447934
curr_tx 48 marf_reads_this_tx 356 time_part 0.309149104 total_marf_time 0.01654458199999999 marf_fraction 0.05351651286040923
curr_tx 49 marf_reads_this_tx 94 time_part 0.000376366 total_marf_time 0.003983188000000001 marf_fraction 10.583283293389949
curr_tx 51 marf_reads_this_tx 202 time_part 0.06908178599999999 total_marf_time 0.004603406 marf_fraction 0.06663704380775565
curr_tx 52 marf_reads_this_tx 209 time_part 0.538607634 total_marf_time 0.005342538000000002 marf_fraction 0.009919165015028365
curr_tx 53 marf_reads_this_tx 166 time_part 0.692941112 total_marf_time 0.003268480999999999 marf_fraction 0.004716823613721449
curr_tx 54 marf_reads_this_tx 434 time_part 0.838807997 total_marf_time 0.008462165000000008 marf_fraction 0.010088321797437523
curr_tx 55 marf_reads_this_tx 405 time_part 0.8589767309999999 total_marf_time 0.006619581000000002 marf_fraction 0.007706356599780818
curr_tx 56 marf_reads_this_tx 91 time_part 0.0074319550000000005 total_marf_time 0.0036485610000000003 marf_fraction 0.49092883366489704
curr_tx 57 marf_reads_this_tx 21 time_part 0.007149591 total_marf_time 0.0003230680000000001 marf_fraction 0.045186920482584256
curr_tx 58 marf_reads_this_tx 21 time_part 0.007560984000000001 total_marf_time 0.000339761 marf_fraction 0.04493608239350857
curr_tx 59 marf_reads_this_tx 545 time_part 1.107541746 total_marf_time 0.025251662999999987 marf_fraction 0.02279973923438908
curr_tx 60 marf_reads_this_tx 827 time_part 0.988792408 total_marf_time 0.027266572000000024 marf_fraction 0.027575628392163
curr_tx 61 marf_reads_this_tx 438 time_part 0.136663429 total_marf_time 0.008714773999999998 marf_fraction 0.06376814970741
curr_tx 62 marf_reads_this_tx 400 time_part 0.13623733600000001 total_marf_time 0.006128734999999997 marf_fraction 0.044985722562866294
curr_tx 63 marf_reads_this_tx 410 time_part 0.135036755 total_marf_time 0.0069831610000000025 marf_fraction 0.05171303916478148
curr_tx 64 marf_reads_this_tx 390 time_part 0.137479479 total_marf_time 0.00629942 marf_fraction 0.04582080209949007
curr_tx 65 marf_reads_this_tx 390 time_part 0.136892495 total_marf_time 0.0059020600000000015 marf_fraction 0.04311456227019605
curr_tx 66 marf_reads_this_tx 400 time_part 0.134945962 total_marf_time 0.006111159999999996 marf_fraction 0.04528597899061252
curr_tx 67 marf_reads_this_tx 468 time_part 1.177626821 total_marf_time 0.013006234000000005 marf_fraction 0.011044444443746245
curr_tx 68 marf_reads_this_tx 611 time_part 0.9450353850000001 total_marf_time 0.010967281999999988 marf_fraction 0.011605154869412628
curr_tx 69 marf_reads_this_tx 584 time_part 1.059263272 total_marf_time 0.012572077 marf_fraction 0.01186869905935906
curr_tx 70 marf_reads_this_tx 833 time_part 2.022289799 total_marf_time 0.014450069000000003 marf_fraction 0.007145399738032305
curr_tx 71 marf_reads_this_tx 809 time_part 1.955201549 total_marf_time 0.013035162999999983 marf_fraction 0.0066669152378008795
total_processing_time 16.331009182000003 total_marf_time 0.0018537169999999995 total_marf_fraction 0.00011350902931603037
