fname data/block-72tx.log
lines 7807
curr_tx 0 marf_reads_this_tx 124 time_part 0.0009500549999999999 total_marf_time 0.009579024999999993 marf_fraction 10.082600481024777
curr_tx 1 marf_reads_this_tx 147 time_part 0.001111936 total_marf_time 0.010409389999999996 marf_fraction 9.36150102164153
curr_tx 2 marf_reads_this_tx 211 time_part 0.008688481 total_marf_time 0.014912660999999997 marf_fraction 1.7163714808146553
curr_tx 3 marf_reads_this_tx 53 time_part 0.027160396 total_marf_time 0.002806704999999999 marf_fraction 0.10333814720521745
curr_tx 4 marf_reads_this_tx 104 time_part 0.150982785 total_marf_time 0.008306703999999998 marf_fraction 0.055017557134079874
curr_tx 5 marf_reads_this_tx 244 time_part 0.8798828700000001 total_marf_time 0.015857085999999986 marf_fraction 0.01802181465357995
curr_tx 6 marf_reads_this_tx 254 time_part 0.8551563200000001 total_marf_time 0.011553126000000002 marf_fraction 0.013509958039016775
curr_tx 7 marf_reads_this_tx 147 time_part 0.758816548 total_marf_time 0.004283371000000001 marf_fraction 0.005644804414571098
curr_tx 8 marf_reads_this_tx 277 time_part 0.0009626929999999999 total_marf_time 0.015035051999999998 marf_fraction 15.617701593342842
curr_tx 9 marf_reads_this_tx 5 time_part 0.0009875309999999998 total_marf_time 0.00011438799999999999 marf_fraction 0.11583231311219598
curr_tx 10 marf_reads_this_tx 5 time_part 0.0008493649999999999 total_marf_time 8.9606e-05 marf_fraction 0.10549763646959788
curr_tx 11 marf_reads_this_tx 5 time_part 0.00082757 total_marf_time 8.618800000000001e-05 marf_fraction 0.10414587285667679
curr_tx 12 marf_reads_this_tx 5 time_part 0.0008609669999999999 total_marf_time 8.9796e-05 marf_fraction 0.10429668036057133
curr_tx 13 marf_reads_this_tx 5 time_part 0.0009589869999999999 total_marf_time 0.000120199 marf_fraction 0.12533955100538383
curr_tx 14 marf_reads_this_tx 5 time_part 0.0008524249999999999 total_marf_time 7.9735e-05 marf_fraction 0.09353902102824296
curr_tx 15 marf_reads_this_tx 7 time_part 0.00096848 total_marf_time 0.000322346 marf_fraction 0.3328370229638196
curr_tx 16 marf_reads_this_tx 130 time_part 0.0060871449999999995 total_marf_time 0.008208306999999998 marf_fraction 1.348465824290369
curr_tx 17 marf_reads_this_tx 10 time_part 0.005167483 total_marf_time 0.00034542899999999996 marf_fraction 0.06684666403353431
curr_tx 18 marf_reads_this_tx 24 time_part 0.00232818 total_marf_time 0.0012648079999999996 marf_fraction 0.5432604008281146
curr_tx 19 marf_reads_this_tx 159 time_part 0.006066014 total_marf_time 0.010144267000000004 marf_fraction 1.6723118344270231
curr_tx 20 marf_reads_this_tx 10 time_part 0.006046439000000001 total_marf_time 0.0003815529999999999 marf_fraction 0.0631037541270159
curr_tx 21 marf_reads_this_tx 10 time_part 0.006041734 total_marf_time 0.000351495 marf_fraction 0.05817783437668722
curr_tx 22 marf_reads_this_tx 10 time_part 0.005897605 total_marf_time 0.00030894500000000003 marf_fraction 0.05238482400906809
curr_tx 23 marf_reads_this_tx 10 time_part 0.005851068 total_marf_time 0.00033538199999999995 marf_fraction 0.057319791873893786
curr_tx 24 marf_reads_this_tx 10 time_part 0.005782792 total_marf_time 0.00030475799999999997 marf_fraction 0.05270084070116995
curr_tx 25 marf_reads_this_tx 10 time_part 0.005817344 total_marf_time 0.000306236 marf_fraction 0.052641892932582285
curr_tx 26 marf_reads_this_tx 10 time_part 0.005729913 total_marf_time 0.00030047799999999996 marf_fraction 0.05244023774881049
curr_tx 27 marf_reads_this_tx 10 time_part 0.005898878 total_marf_time 0.000326532 marf_fraction 0.05535493359923701
curr_tx 28 marf_reads_this_tx 10 time_part 0.006029822000000001 total_marf_time 0.000343756 marf_fraction 0.05700931138597457
curr_tx 29 marf_reads_this_tx 10 time_part 0.00581943 total_marf_time 0.00027126 marf_fraction 0.04661281259504797
curr_tx 30 marf_reads_this_tx 10 time_part 0.006030604 total_marf_time 0.000343538 marf_fraction 0.05696576992951286
curr_tx 31 marf_reads_this_tx 10 time_part 0.006535789 total_marf_time 0.0003526209999999999 marf_fraction 0.05395232312426241
curr_tx 32 marf_reads_this_tx 10 time_part 0.005910175 total_marf_time 0.00032686999999999994 marf_fraction 0.05530631495683291
curr_tx 33 marf_reads_this_tx 10 time_part 0.006356599 total_marf_time 0.0003136959999999999 marf_fraction 0.04934966009339269
curr_tx 34 marf_reads_this_tx 10 time_part 0.005882457 total_marf_time 0.000322891 marf_fraction 0.05489049898707292
curr_tx 35 marf_reads_this_tx 10 time_part 0.005812665 total_marf_time 0.000271169 marf_fraction 0.04665140688479381
curr_tx 36 marf_reads_this_tx 10 time_part 0.005817206 total_marf_time 0.000269922 marf_fraction 0.04640062600499278
curr_tx 37 marf_reads_this_tx 10 time_part 0.0059223520000000005 total_marf_time 0.000298975 marf_fraction 0.050482477232018624
curr_tx 38 marf_reads_this_tx 10 time_part 0.005938578 total_marf_time 0.000334722 marf_fraction 0.05636399825008614
curr_tx 39 marf_reads_this_tx 10 time_part 0.005792257 total_marf_time 0.00032476 marf_fraction 0.05606795416708892
curr_tx 40 marf_reads_this_tx 10 time_part 0.005729489 total_marf_time 0.000290928 marf_fraction 0.05077730317660091
curr_tx 41 marf_reads_this_tx 74 time_part 0.024143584000000003 total_marf_time 0.0032835180000000005 marf_fraction 0.13599960966855626
curr_tx 42 marf_reads_this_tx 24 time_part 0.008495774000000001 total_marf_time 0.0011743010000000002 marf_fraction 0.1382217794399898
curr_tx 43 marf_reads_this_tx 106 time_part 0.018432030999999998 total_marf_time 0.0065470319999999995 marf_fraction 0.35519862135648533
curr_tx 44 marf_reads_this_tx 68 time_part 0.015401968 total_marf_time 0.0033369330000000003 marf_fraction 0.21665627405536747
curr_tx 45 marf_reads_this_tx 64 time_part 0.015506752 total_marf_time 0.0029901349999999992 marf_fraction 0.19282793714634755
curr_tx 46 marf_reads_this_tx 30 time_part 0.011400291 total_marf_time 0.0013417520000000005 marf_fraction 0.11769453955166588
curr_tx 47 marf_reads_this_tx 79 time_part 0.00022965899999999998 total_marf_time 0.0038436609999999987 marf_fraction 16.736383072294135
curr_tx 48 marf_reads_this_tx 330 time_part 0.309149104 total_marf_time 0.018161649 marf_fraction 0.058747215388985884
curr_tx 49 marf_reads_this_tx 94 time_part 0.000376366 total_marf_time 0.004531817 marf_fraction 12.040984042129203
curr_tx 51 marf_reads_this_tx 110 time_part 0.06908178599999999 total_marf_time 0.004000377999999999 marf_fraction 0.057907854322121886
curr_tx 52 marf_reads_this_tx 115 time_part 0.538607634 total_marf_time 0.004677015999999998 marf_fraction 0.008683530839074588
curr_tx 53 marf_reads_this_tx 74 time_part 0.692941112 total_marf_time 0.0024254599999999995 marf_fraction 0.0035002397144535415
curr_tx 54 marf_reads_this_tx 204 time_part 0.838807997 total_marf_time 0.006604442999999999 marf_fraction 0.007873605191677732
curr_tx 55 marf_reads_this_tx 171 time_part 0.8589767309999999 total_marf_time 0.0045656390000000015 marf_fraction 0.005315206844642689
curr_tx 56 marf_reads_this_tx 81 time_part 0.0074319550000000005 total_marf_time 0.003971374000000001 marf_fraction 0.534364645641692
curr_tx 57 marf_reads_this_tx 11 time_part 0.007149591 total_marf_time 0.00026780200000000004 marf_fraction 0.03745696781815911
curr_tx 58 marf_reads_this_tx 11 time_part 0.007560984000000001 total_marf_time 0.00029712999999999994 marf_fraction 0.03929779510180156
curr_tx 59 marf_reads_this_tx 505 time_part 1.107541746 total_marf_time 0.027200714999999997 marf_fraction 0.024559539266342016
curr_tx 60 marf_reads_this_tx 623 time_part 0.988792408 total_marf_time 0.02787704399999999 marf_fraction 0.028193019863882278
curr_tx 61 marf_reads_this_tx 194 time_part 0.136663429 total_marf_time 0.006644020000000002 marf_fraction 0.048615932211096516
curr_tx 62 marf_reads_this_tx 150 time_part 0.13623733600000001 total_marf_time 0.0037490209999999986 marf_fraction 0.027518308197100962
curr_tx 63 marf_reads_this_tx 160 time_part 0.135036755 total_marf_time 0.004732318000000001 marf_fraction 0.035044666172554285
curr_tx 64 marf_reads_this_tx 146 time_part 0.137479479 total_marf_time 0.003863683000000001 marf_fraction 0.0281037070267047
curr_tx 65 marf_reads_this_tx 146 time_part 0.136892495 total_marf_time 0.0036483139999999993 marf_fraction 0.026650942405571608
curr_tx 66 marf_reads_this_tx 150 time_part 0.134945962 total_marf_time 0.0037663430000000014 marf_fraction 0.0279100088967464
curr_tx 67 marf_reads_this_tx 330 time_part 1.177626821 total_marf_time 0.012857956999999993 marf_fraction 0.010918532739498459
curr_tx 68 marf_reads_this_tx 261 time_part 0.9450353850000001 total_marf_time 0.008077141000000001 marf_fraction 0.008546919118801038
curr_tx 69 marf_reads_this_tx 234 time_part 1.059263272 total_marf_time 0.008545264000000006 marf_fraction 0.008067176712230995
curr_tx 70 marf_reads_this_tx 363 time_part 2.022289799 total_marf_time 0.010801035 marf_fraction 0.005340992673424448
curr_tx 71 marf_reads_this_tx 339 time_part 1.955201549 total_marf_time 0.009049331999999992 marf_fraction 0.0046283371679141354
total_processing_time 16.331009182000003 total_marf_time 0.0011823659999999998 total_marf_fraction 7.240005726671201e-05
